{"uuid":"a0441342-5d2f-48e1-9e26-5e17ce27c1b1","historyId":"7f9c924c3d5a7f7de67299cd62c005d0","testCaseId":"be6dbf9d61bf28db9aef3d84e503d979","fullName":"src/test/resources/features/Login.feature:33","labels":[{"name":"tag","value":"UserAuthentication"},{"name":"tag","value":"AccountSettings"},{"name":"host","value":"DESKTOP-JFFDUU0"},{"name":"thread","value":"3548@DESKTOP-JFFDUU0.main(1)"},{"name":"feature","value":"User Registration,Account Settings and Login"},{"name":"story","value":"Edit Account Settings - Change Password"},{"name":"suite","value":"User Registration,Account Settings and Login"},{"name":"testClass","value":"Edit Account Settings - Change Password"},{"name":"framework","value":"cucumber4jvm"},{"name":"language","value":"java"},{"name":"gherkin_uri","value":"file:///C:/Users/user/eclipse-workspace/com.UrbanLadder3/src/test/resources/features/Login.feature"},{"name":"package","value":"src.test.resources.features.Login_feature.User Registration,Account Settings and Login"}],"links":[],"name":"Edit Account Settings - Change Password","status":"broken","statusDetails":{"known":false,"muted":false,"flaky":false,"message":"no such window: target window already closed\nfrom unknown error: web view not found\n  (Session info: chrome=134.0.6998.89)\nBuild info: version: '4.27.0', revision: 'd6e718d134'\nSystem info: os.name: 'Windows 11', os.arch: 'amd64', os.version: '10.0', java.version: '23.0.1'\nDriver info: org.openqa.selenium.chrome.ChromeDriver\nCommand: [2f7eb987b9e0e9521f4ae8ec10345480, screenshot {}]\nCapabilities {acceptInsecureCerts: false, browserName: chrome, browserVersion: 134.0.6998.89, chrome: {chromedriverVersion: 134.0.6998.88 (7e3d5c978c6d..., userDataDir: C:\\Users\\user\\AppData\\Local...}, fedcm:accounts: true, goog:chromeOptions: {debuggerAddress: localhost:56206}, networkConnectionEnabled: false, pageLoadStrategy: normal, platformName: windows, proxy: Proxy(), se:cdp: ws://localhost:56206/devtoo..., se:cdpVersion: 134.0.6998.89, setWindowRect: true, strictFileInteractability: false, timeouts: {implicit: 0, pageLoad: 300000, script: 30000}, unhandledPromptBehavior: dismiss and notify, webauthn:extension:credBlob: true, webauthn:extension:largeBlob: true, webauthn:extension:minPinLength: true, webauthn:extension:prf: true, webauthn:virtualAuthenticators: true}\nSession ID: 2f7eb987b9e0e9521f4ae8ec10345480","trace":"org.openqa.selenium.NoSuchWindowException: no such window: target window already closed\nfrom unknown error: web view not found\n  (Session info: chrome=134.0.6998.89)\nBuild info: version: '4.27.0', revision: 'd6e718d134'\nSystem info: os.name: 'Windows 11', os.arch: 'amd64', os.version: '10.0', java.version: '23.0.1'\nDriver info: org.openqa.selenium.chrome.ChromeDriver\nCommand: [2f7eb987b9e0e9521f4ae8ec10345480, screenshot {}]\nCapabilities {acceptInsecureCerts: false, browserName: chrome, browserVersion: 134.0.6998.89, chrome: {chromedriverVersion: 134.0.6998.88 (7e3d5c978c6d..., userDataDir: C:\\Users\\user\\AppData\\Local...}, fedcm:accounts: true, goog:chromeOptions: {debuggerAddress: localhost:56206}, networkConnectionEnabled: false, pageLoadStrategy: normal, platformName: windows, proxy: Proxy(), se:cdp: ws://localhost:56206/devtoo..., se:cdpVersion: 134.0.6998.89, setWindowRect: true, strictFileInteractability: false, timeouts: {implicit: 0, pageLoad: 300000, script: 30000}, unhandledPromptBehavior: dismiss and notify, webauthn:extension:credBlob: true, webauthn:extension:largeBlob: true, webauthn:extension:minPinLength: true, webauthn:extension:prf: true, webauthn:virtualAuthenticators: true}\nSession ID: 2f7eb987b9e0e9521f4ae8ec10345480\r\n\tat java.base/jdk.internal.reflect.DirectConstructorHandleAccessor.newInstance(DirectConstructorHandleAccessor.java:62)\r\n\tat java.base/java.lang.reflect.Constructor.newInstanceWithCaller(Constructor.java:501)\r\n\tat java.base/java.lang.reflect.Constructor.newInstance(Constructor.java:485)\r\n\tat org.openqa.selenium.remote.ErrorCodec.decode(ErrorCodec.java:167)\r\n\tat org.openqa.selenium.remote.codec.w3c.W3CHttpResponseCodec.decode(W3CHttpResponseCodec.java:138)\r\n\tat org.openqa.selenium.remote.codec.w3c.W3CHttpResponseCodec.decode(W3CHttpResponseCodec.java:50)\r\n\tat org.openqa.selenium.remote.HttpCommandExecutor.execute(HttpCommandExecutor.java:190)\r\n\tat org.openqa.selenium.remote.service.DriverCommandExecutor.invokeExecute(DriverCommandExecutor.java:216)\r\n\tat org.openqa.selenium.remote.service.DriverCommandExecutor.execute(DriverCommandExecutor.java:174)\r\n\tat org.openqa.selenium.remote.RemoteWebDriver.execute(RemoteWebDriver.java:545)\r\n\tat org.openqa.selenium.remote.RemoteWebDriver.execute(RemoteWebDriver.java:618)\r\n\tat org.openqa.selenium.remote.RemoteWebDriver.execute(RemoteWebDriver.java:622)\r\n\tat org.openqa.selenium.remote.RemoteWebDriver.getScreenshotAs(RemoteWebDriver.java:334)\r\n\tat com.urbanladder.utils.Reports.captureScreenshot(Reports.java:40)\r\n\tat com.urbanladder.utils.Reports.generateReport(Reports.java:23)\r\n\tat com.urbanladder.Pages.UserAuthenticationPage.clickProfileDropdown(UserAuthenticationPage.java:97)\r\n\tat com.urbanladder.StepDefinition.UserRegistrationStepDef.i_navigate_to_the_profile_under_profile_icon(UserRegistrationStepDef.java:55)\r\n\tat ✽.I navigate to the profile under profile icon(file:///C:/Users/user/eclipse-workspace/com.UrbanLadder3/src/test/resources/features/Login.feature:22)\r\n"},"stage":"finished","steps":[{"name":"Given I navigate to the profile under profile icon","status":"broken","statusDetails":{"known":false,"muted":false,"flaky":false,"message":"no such window: target window already closed\nfrom unknown error: web view not found\n  (Session info: chrome=134.0.6998.89)\nBuild info: version: '4.27.0', revision: 'd6e718d134'\nSystem info: os.name: 'Windows 11', os.arch: 'amd64', os.version: '10.0', java.version: '23.0.1'\nDriver info: org.openqa.selenium.chrome.ChromeDriver\nCommand: [2f7eb987b9e0e9521f4ae8ec10345480, screenshot {}]\nCapabilities {acceptInsecureCerts: false, browserName: chrome, browserVersion: 134.0.6998.89, chrome: {chromedriverVersion: 134.0.6998.88 (7e3d5c978c6d..., userDataDir: C:\\Users\\user\\AppData\\Local...}, fedcm:accounts: true, goog:chromeOptions: {debuggerAddress: localhost:56206}, networkConnectionEnabled: false, pageLoadStrategy: normal, platformName: windows, proxy: Proxy(), se:cdp: ws://localhost:56206/devtoo..., se:cdpVersion: 134.0.6998.89, setWindowRect: true, strictFileInteractability: false, timeouts: {implicit: 0, pageLoad: 300000, script: 30000}, unhandledPromptBehavior: dismiss and notify, webauthn:extension:credBlob: true, webauthn:extension:largeBlob: true, webauthn:extension:minPinLength: true, webauthn:extension:prf: true, webauthn:virtualAuthenticators: true}\nSession ID: 2f7eb987b9e0e9521f4ae8ec10345480","trace":"org.openqa.selenium.NoSuchWindowException: no such window: target window already closed\nfrom unknown error: web view not found\n  (Session info: chrome=134.0.6998.89)\nBuild info: version: '4.27.0', revision: 'd6e718d134'\nSystem info: os.name: 'Windows 11', os.arch: 'amd64', os.version: '10.0', java.version: '23.0.1'\nDriver info: org.openqa.selenium.chrome.ChromeDriver\nCommand: [2f7eb987b9e0e9521f4ae8ec10345480, screenshot {}]\nCapabilities {acceptInsecureCerts: false, browserName: chrome, browserVersion: 134.0.6998.89, chrome: {chromedriverVersion: 134.0.6998.88 (7e3d5c978c6d..., userDataDir: C:\\Users\\user\\AppData\\Local...}, fedcm:accounts: true, goog:chromeOptions: {debuggerAddress: localhost:56206}, networkConnectionEnabled: false, pageLoadStrategy: normal, platformName: windows, proxy: Proxy(), se:cdp: ws://localhost:56206/devtoo..., se:cdpVersion: 134.0.6998.89, setWindowRect: true, strictFileInteractability: false, timeouts: {implicit: 0, pageLoad: 300000, script: 30000}, unhandledPromptBehavior: dismiss and notify, webauthn:extension:credBlob: true, webauthn:extension:largeBlob: true, webauthn:extension:minPinLength: true, webauthn:extension:prf: true, webauthn:virtualAuthenticators: true}\nSession ID: 2f7eb987b9e0e9521f4ae8ec10345480\r\n\tat java.base/jdk.internal.reflect.DirectConstructorHandleAccessor.newInstance(DirectConstructorHandleAccessor.java:62)\r\n\tat java.base/java.lang.reflect.Constructor.newInstanceWithCaller(Constructor.java:501)\r\n\tat java.base/java.lang.reflect.Constructor.newInstance(Constructor.java:485)\r\n\tat org.openqa.selenium.remote.ErrorCodec.decode(ErrorCodec.java:167)\r\n\tat org.openqa.selenium.remote.codec.w3c.W3CHttpResponseCodec.decode(W3CHttpResponseCodec.java:138)\r\n\tat org.openqa.selenium.remote.codec.w3c.W3CHttpResponseCodec.decode(W3CHttpResponseCodec.java:50)\r\n\tat org.openqa.selenium.remote.HttpCommandExecutor.execute(HttpCommandExecutor.java:190)\r\n\tat org.openqa.selenium.remote.service.DriverCommandExecutor.invokeExecute(DriverCommandExecutor.java:216)\r\n\tat org.openqa.selenium.remote.service.DriverCommandExecutor.execute(DriverCommandExecutor.java:174)\r\n\tat org.openqa.selenium.remote.RemoteWebDriver.execute(RemoteWebDriver.java:545)\r\n\tat org.openqa.selenium.remote.RemoteWebDriver.execute(RemoteWebDriver.java:618)\r\n\tat org.openqa.selenium.remote.RemoteWebDriver.execute(RemoteWebDriver.java:622)\r\n\tat org.openqa.selenium.remote.RemoteWebDriver.getScreenshotAs(RemoteWebDriver.java:334)\r\n\tat com.urbanladder.utils.Reports.captureScreenshot(Reports.java:40)\r\n\tat com.urbanladder.utils.Reports.generateReport(Reports.java:23)\r\n\tat com.urbanladder.Pages.UserAuthenticationPage.clickProfileDropdown(UserAuthenticationPage.java:97)\r\n\tat com.urbanladder.StepDefinition.UserRegistrationStepDef.i_navigate_to_the_profile_under_profile_icon(UserRegistrationStepDef.java:55)\r\n\tat ✽.I navigate to the profile under profile icon(file:///C:/Users/user/eclipse-workspace/com.UrbanLadder3/src/test/resources/features/Login.feature:22)\r\n"},"stage":"finished","steps":[],"attachments":[],"parameters":[],"start":1742311765983,"stop":1742311771808},{"name":"And I clicks on edit button","status":"skipped","statusDetails":{"known":false,"muted":false,"flaky":false},"stage":"finished","steps":[],"attachments":[],"parameters":[],"start":1742311771811,"stop":1742311771811},{"name":"And I enter my name in \"Akhila NR\"","status":"skipped","statusDetails":{"known":false,"muted":false,"flaky":false},"stage":"finished","steps":[],"attachments":[],"parameters":[],"start":1742311771811,"stop":1742311771811},{"name":"And I enter my mobile number to \"7800166001\"","status":"skipped","statusDetails":{"known":false,"muted":false,"flaky":false},"stage":"finished","steps":[],"attachments":[],"parameters":[],"start":1742311771813,"stop":1742311771816},{"name":"And I click on the Change Password option","status":"skipped","statusDetails":{"known":false,"muted":false,"flaky":false},"stage":"finished","steps":[],"attachments":[],"parameters":[],"start":1742311771816,"stop":1742311771818},{"name":"And I update my password to \"Lock@116\" and confirm it as \"Lock@116\"","status":"skipped","statusDetails":{"known":false,"muted":false,"flaky":false},"stage":"finished","steps":[],"attachments":[],"parameters":[],"start":1742311771818,"stop":1742311771818},{"name":"And I click on the Update button","status":"skipped","statusDetails":{"known":false,"muted":false,"flaky":false},"stage":"finished","steps":[],"attachments":[],"parameters":[],"start":1742311771820,"stop":1742311771825},{"name":"Then I get \"Account updated\" message as success","status":"skipped","statusDetails":{"known":false,"muted":false,"flaky":false},"stage":"finished","steps":[],"attachments":[],"parameters":[],"start":1742311771825,"stop":1742311771825}],"attachments":[],"parameters":[{"name":"email","value":"sample116@demo.com"},{"name":"password","value":"Hello@116"},{"name":"new_name","value":"Akhila NR"},{"name":"new_mobile","value":"7800166001"},{"name":"new_password","value":"Lock@116"},{"name":"confirm_password","value":"Lock@116"}],"start":1742311765974,"stop":1742311771849}